{"/home/caleb/Programming/calebeby/transform-pkg/index.js": {"path":"/home/caleb/Programming/calebeby/transform-pkg/index.js","statementMap":{"0":{"start":{"line":1,"column":16},"end":{"line":1,"column":38}},"1":{"start":{"line":2,"column":17},"end":{"line":2,"column":37}},"2":{"start":{"line":3,"column":14},"end":{"line":3,"column":30}},"3":{"start":{"line":4,"column":16},"end":{"line":4,"column":35}},"4":{"start":{"line":6,"column":20},"end":{"line":14,"column":1}},"5":{"start":{"line":7,"column":2},"end":{"line":13,"column":3}},"6":{"start":{"line":8,"column":2},"end":{"line":10,"column":3}},"7":{"start":{"line":9,"column":4},"end":{"line":9,"column":42}},"8":{"start":{"line":11,"column":2},"end":{"line":11,"column":43}},"9":{"start":{"line":16,"column":23},"end":{"line":23,"column":1}},"10":{"start":{"line":17,"column":2},"end":{"line":22,"column":3}},"11":{"start":{"line":18,"column":4},"end":{"line":20,"column":5}},"12":{"start":{"line":19,"column":6},"end":{"line":19,"column":53}},"13":{"start":{"line":21,"column":4},"end":{"line":21,"column":62}},"14":{"start":{"line":25,"column":16},"end":{"line":29,"column":1}},"15":{"start":{"line":26,"column":15},"end":{"line":26,"column":27}},"16":{"start":{"line":27,"column":2},"end":{"line":27,"column":30}},"17":{"start":{"line":28,"column":2},"end":{"line":28,"column":36}},"18":{"start":{"line":31,"column":21},"end":{"line":36,"column":5}},"19":{"start":{"line":31,"column":34},"end":{"line":36,"column":5}},"20":{"start":{"line":32,"column":2},"end":{"line":36,"column":5}},"21":{"start":{"line":33,"column":23},"end":{"line":33,"column":43}},"22":{"start":{"line":35,"column":6},"end":{"line":35,"column":50}},"23":{"start":{"line":35,"column":36},"end":{"line":35,"column":49}},"24":{"start":{"line":38,"column":0},"end":{"line":38,"column":29}}},"fnMap":{"0":{"name":"(anonymous_0)","decl":{"start":{"line":6,"column":20},"end":{"line":6,"column":21}},"loc":{"start":{"line":6,"column":49},"end":{"line":14,"column":1}},"line":6},"1":{"name":"(anonymous_1)","decl":{"start":{"line":16,"column":23},"end":{"line":16,"column":24}},"loc":{"start":{"line":16,"column":52},"end":{"line":23,"column":1}},"line":16},"2":{"name":"(anonymous_2)","decl":{"start":{"line":25,"column":16},"end":{"line":25,"column":17}},"loc":{"start":{"line":25,"column":52},"end":{"line":29,"column":1}},"line":25},"3":{"name":"(anonymous_3)","decl":{"start":{"line":31,"column":21},"end":{"line":31,"column":22}},"loc":{"start":{"line":31,"column":34},"end":{"line":36,"column":5}},"line":31},"4":{"name":"(anonymous_4)","decl":{"start":{"line":31,"column":34},"end":{"line":31,"column":35}},"loc":{"start":{"line":32,"column":2},"end":{"line":36,"column":5}},"line":32},"5":{"name":"(anonymous_5)","decl":{"start":{"line":33,"column":10},"end":{"line":33,"column":11}},"loc":{"start":{"line":33,"column":23},"end":{"line":33,"column":43}},"line":33},"6":{"name":"(anonymous_6)","decl":{"start":{"line":34,"column":10},"end":{"line":34,"column":11}},"loc":{"start":{"line":35,"column":6},"end":{"line":35,"column":50}},"line":35},"7":{"name":"(anonymous_7)","decl":{"start":{"line":35,"column":30},"end":{"line":35,"column":31}},"loc":{"start":{"line":35,"column":36},"end":{"line":35,"column":49}},"line":35}},"branchMap":{"0":{"loc":{"start":{"line":6,"column":21},"end":{"line":6,"column":30}},"type":"default-arg","locations":[{"start":{"line":6,"column":28},"end":{"line":6,"column":30}}],"line":6},"1":{"loc":{"start":{"line":6,"column":32},"end":{"line":6,"column":44}},"type":"default-arg","locations":[{"start":{"line":6,"column":39},"end":{"line":6,"column":44}}],"line":6},"2":{"loc":{"start":{"line":7,"column":2},"end":{"line":13,"column":3}},"type":"if","locations":[{"start":{"line":7,"column":2},"end":{"line":13,"column":3}},{"start":{"line":7,"column":2},"end":{"line":13,"column":3}}],"line":7},"3":{"loc":{"start":{"line":8,"column":2},"end":{"line":10,"column":3}},"type":"if","locations":[{"start":{"line":8,"column":2},"end":{"line":10,"column":3}},{"start":{"line":8,"column":2},"end":{"line":10,"column":3}}],"line":8},"4":{"loc":{"start":{"line":16,"column":24},"end":{"line":16,"column":33}},"type":"default-arg","locations":[{"start":{"line":16,"column":31},"end":{"line":16,"column":33}}],"line":16},"5":{"loc":{"start":{"line":16,"column":35},"end":{"line":16,"column":47}},"type":"default-arg","locations":[{"start":{"line":16,"column":42},"end":{"line":16,"column":47}}],"line":16},"6":{"loc":{"start":{"line":17,"column":2},"end":{"line":22,"column":3}},"type":"if","locations":[{"start":{"line":17,"column":2},"end":{"line":22,"column":3}},{"start":{"line":17,"column":2},"end":{"line":22,"column":3}}],"line":17},"7":{"loc":{"start":{"line":18,"column":4},"end":{"line":20,"column":5}},"type":"if","locations":[{"start":{"line":18,"column":4},"end":{"line":20,"column":5}},{"start":{"line":18,"column":4},"end":{"line":20,"column":5}}],"line":18},"8":{"loc":{"start":{"line":25,"column":17},"end":{"line":25,"column":26}},"type":"default-arg","locations":[{"start":{"line":25,"column":24},"end":{"line":25,"column":26}}],"line":25},"9":{"loc":{"start":{"line":25,"column":28},"end":{"line":25,"column":47}},"type":"default-arg","locations":[{"start":{"line":25,"column":34},"end":{"line":25,"column":47}}],"line":25},"10":{"loc":{"start":{"line":31,"column":35},"end":{"line":31,"column":54}},"type":"default-arg","locations":[{"start":{"line":31,"column":41},"end":{"line":31,"column":54}}],"line":31},"11":{"loc":{"start":{"line":34,"column":13},"end":{"line":34,"column":21}},"type":"default-arg","locations":[{"start":{"line":34,"column":19},"end":{"line":34,"column":21}}],"line":34},"12":{"loc":{"start":{"line":34,"column":23},"end":{"line":34,"column":32}},"type":"default-arg","locations":[{"start":{"line":34,"column":30},"end":{"line":34,"column":32}}],"line":34}},"s":{"0":1,"1":1,"2":1,"3":1,"4":1,"5":2,"6":1,"7":1,"8":0,"9":1,"10":2,"11":1,"12":1,"13":0,"14":1,"15":2,"16":2,"17":2,"18":1,"19":2,"20":2,"21":2,"22":2,"23":2,"24":1},"f":{"0":2,"1":2,"2":2,"3":2,"4":2,"5":2,"6":2,"7":2},"b":{"0":[1],"1":[0],"2":[1,1],"3":[1,0],"4":[1],"5":[0],"6":[1,1],"7":[1,0],"8":[0],"9":[2],"10":[0],"11":[0],"12":[1]},"_coverageSchema":"332fd63041d2c1bcb487cc26dd0d5f7d97098a6c","hash":"646d813e4b407ff7c5bdce4c8997824467764c19"}
}
