TN:
SF:/home/caleb/Programming/calebeby/transform-pkg/index.js
FN:6,(anonymous_0)
FN:16,(anonymous_1)
FN:25,(anonymous_2)
FN:31,(anonymous_3)
FN:31,(anonymous_4)
FN:33,(anonymous_5)
FN:34,(anonymous_6)
FN:35,(anonymous_7)
FNF:8
FNH:8
FNDA:2,(anonymous_0)
FNDA:2,(anonymous_1)
FNDA:2,(anonymous_2)
FNDA:2,(anonymous_3)
FNDA:2,(anonymous_4)
FNDA:2,(anonymous_5)
FNDA:2,(anonymous_6)
FNDA:2,(anonymous_7)
DA:1,1
DA:2,1
DA:3,1
DA:4,1
DA:6,1
DA:7,2
DA:8,1
DA:9,1
DA:11,0
DA:16,1
DA:17,2
DA:18,1
DA:19,1
DA:21,0
DA:25,1
DA:26,2
DA:27,2
DA:28,2
DA:31,2
DA:32,2
DA:33,2
DA:35,2
DA:38,1
LF:23
LH:21
BRDA:6,0,0,1
BRDA:6,1,0,0
BRDA:7,2,0,1
BRDA:7,2,1,1
BRDA:8,3,0,1
BRDA:8,3,1,0
BRDA:16,4,0,1
BRDA:16,5,0,0
BRDA:17,6,0,1
BRDA:17,6,1,1
BRDA:18,7,0,1
BRDA:18,7,1,0
BRDA:25,8,0,0
BRDA:25,9,0,2
BRDA:31,10,0,0
BRDA:34,11,0,0
BRDA:34,12,0,1
BRF:17
BRH:10
end_of_record
